<?xml version="1.0" encoding="UTF-8"?>
<testsuite name="com.twin.robots.example.ExampleApplicationTests" tests="1" skipped="1" failures="0" errors="0" timestamp="2025-05-14T13:25:28.165Z" hostname="Mac" time="0.0">
  <properties/>
  <testcase name="contextLoads()" classname="com.twin.robots.example.ExampleApplicationTests" time="0.0">
    <skipped/>
  </testcase>
  <system-out><![CDATA[]]></system-out>
  <system-err><![CDATA[]]></system-err>
</testsuite>
